This is pdfTeX, Version 3.14159265-2.6-1.40.15 (TeX Live 2014) (preloaded format=pdflatex 2014.5.25)  7 MAY 2015 14:49
entering extended mode
 restricted \write18 enabled.
 %&-line parsing enabled.
**final_report.tex -recorder
(./final_report.tex
LaTeX2e <2014/05/01>
Babel <3.9k> and hyphenation patterns for 78 languages loaded.
(./amsart.cls
Document Class: amsart 2009/07/02 v2.20.1
\linespacing=\dimen102
\normalparindent=\dimen103
\normaltopskip=\skip41
(/usr/local/texlive/2014/texmf-dist/tex/latex/amsmath/amsmath.sty
Package: amsmath 2013/01/14 v2.14 AMS math features
\@mathmargin=\skip42

For additional information on amsmath, use the `?' option.
(/usr/local/texlive/2014/texmf-dist/tex/latex/amsmath/amstext.sty
Package: amstext 2000/06/29 v2.01

(/usr/local/texlive/2014/texmf-dist/tex/latex/amsmath/amsgen.sty
File: amsgen.sty 1999/11/30 v2.0
\@emptytoks=\toks14
\ex@=\dimen104
))
(/usr/local/texlive/2014/texmf-dist/tex/latex/amsmath/amsbsy.sty
Package: amsbsy 1999/11/29 v1.2d
\pmbraise@=\dimen105
)
(/usr/local/texlive/2014/texmf-dist/tex/latex/amsmath/amsopn.sty
Package: amsopn 1999/12/14 v2.01 operator names
)
\inf@bad=\count79
LaTeX Info: Redefining \frac on input line 210.
\uproot@=\count80
\leftroot@=\count81
LaTeX Info: Redefining \overline on input line 306.
\classnum@=\count82
\DOTSCASE@=\count83
LaTeX Info: Redefining \ldots on input line 378.
LaTeX Info: Redefining \dots on input line 381.
LaTeX Info: Redefining \cdots on input line 466.
\Mathstrutbox@=\box26
\strutbox@=\box27
\big@size=\dimen106
LaTeX Font Info:    Redeclaring font encoding OML on input line 566.
LaTeX Font Info:    Redeclaring font encoding OMS on input line 567.
\macc@depth=\count84
\c@MaxMatrixCols=\count85
\dotsspace@=\muskip10
\c@parentequation=\count86
\dspbrk@lvl=\count87
\tag@help=\toks15
\row@=\count88
\column@=\count89
\maxfields@=\count90
\andhelp@=\toks16
\eqnshift@=\dimen107
\alignsep@=\dimen108
\tagshift@=\dimen109
\tagwidth@=\dimen110
\totwidth@=\dimen111
\lineht@=\dimen112
\@envbody=\toks17
\multlinegap=\skip43
\multlinetaggap=\skip44
\mathdisplay@stack=\toks18
LaTeX Info: Redefining \[ on input line 2665.
LaTeX Info: Redefining \] on input line 2666.
)
LaTeX Font Info:    Try loading font information for U+msa on input line 388.

(/usr/local/texlive/2014/texmf-dist/tex/latex/amsfonts/umsa.fd
File: umsa.fd 2013/01/14 v3.01 AMS symbols A
)
(/usr/local/texlive/2014/texmf-dist/tex/latex/amsfonts/amsfonts.sty
Package: amsfonts 2013/01/14 v3.01 Basic AMSFonts support
\symAMSa=\mathgroup4
\symAMSb=\mathgroup5
LaTeX Font Info:    Overwriting math alphabet `\mathfrak' in version `bold'
(Font)                  U/euf/m/n --> U/euf/b/n on input line 106.
)
\copyins=\insert233
\abstractbox=\box28
\listisep=\skip45
\c@part=\count91
\c@section=\count92
\c@subsection=\count93
\c@subsubsection=\count94
\c@paragraph=\count95
\c@subparagraph=\count96
\c@figure=\count97
\c@table=\count98
\abovecaptionskip=\skip46
\belowcaptionskip=\skip47
\captionindent=\dimen113
\thm@style=\toks19
\thm@bodyfont=\toks20
\thm@headfont=\toks21
\thm@notefont=\toks22
\thm@headpunct=\toks23
\thm@preskip=\skip48
\thm@postskip=\skip49
\thm@headsep=\skip50
\dth@everypar=\toks24
)
(/usr/local/texlive/2014/texmf-dist/tex/latex/graphics/graphicx.sty
Package: graphicx 2014/04/25 v1.0g Enhanced LaTeX Graphics (DPC,SPQR)

(/usr/local/texlive/2014/texmf-dist/tex/latex/graphics/keyval.sty
Package: keyval 2014/05/08 v1.15 key=value parser (DPC)
\KV@toks@=\toks25
)
(/usr/local/texlive/2014/texmf-dist/tex/latex/graphics/graphics.sty
Package: graphics 2009/02/05 v1.0o Standard LaTeX Graphics (DPC,SPQR)

(/usr/local/texlive/2014/texmf-dist/tex/latex/graphics/trig.sty
Package: trig 1999/03/16 v1.09 sin cos tan (DPC)
)
(/usr/local/texlive/2014/texmf-dist/tex/latex/latexconfig/graphics.cfg
File: graphics.cfg 2010/04/23 v1.9 graphics configuration of TeX Live
)
Package graphics Info: Driver file: pdftex.def on input line 91.

(/usr/local/texlive/2014/texmf-dist/tex/latex/pdftex-def/pdftex.def
File: pdftex.def 2011/05/27 v0.06d Graphics/color for pdfTeX

(/usr/local/texlive/2014/texmf-dist/tex/generic/oberdiek/infwarerr.sty
Package: infwarerr 2010/04/08 v1.3 Providing info/warning/error messages (HO)
)
(/usr/local/texlive/2014/texmf-dist/tex/generic/oberdiek/ltxcmds.sty
Package: ltxcmds 2011/11/09 v1.22 LaTeX kernel commands for general use (HO)
)
\Gread@gobject=\count99
))
\Gin@req@height=\dimen114
\Gin@req@width=\dimen115
)
\c@theorem=\count100

(./final_report.aux)
\openout1 = `final_report.aux'.

LaTeX Font Info:    Checking defaults for OML/cmm/m/it on input line 47.
LaTeX Font Info:    ... okay on input line 47.
LaTeX Font Info:    Checking defaults for T1/cmr/m/n on input line 47.
LaTeX Font Info:    ... okay on input line 47.
LaTeX Font Info:    Checking defaults for OT1/cmr/m/n on input line 47.
LaTeX Font Info:    ... okay on input line 47.
LaTeX Font Info:    Checking defaults for OMS/cmsy/m/n on input line 47.
LaTeX Font Info:    ... okay on input line 47.
LaTeX Font Info:    Checking defaults for OMX/cmex/m/n on input line 47.
LaTeX Font Info:    ... okay on input line 47.
LaTeX Font Info:    Checking defaults for U/cmr/m/n on input line 47.
LaTeX Font Info:    ... okay on input line 47.
LaTeX Font Info:    Try loading font information for U+msa on input line 47.

(/usr/local/texlive/2014/texmf-dist/tex/latex/amsfonts/umsa.fd
File: umsa.fd 2013/01/14 v3.01 AMS symbols A
)
LaTeX Font Info:    Try loading font information for U+msb on input line 47.

(/usr/local/texlive/2014/texmf-dist/tex/latex/amsfonts/umsb.fd
File: umsb.fd 2013/01/14 v3.01 AMS symbols B
)
(/usr/local/texlive/2014/texmf-dist/tex/context/base/supp-pdf.mkii
[Loading MPS to PDF converter (version 2006.09.02).]
\scratchcounter=\count101
\scratchdimen=\dimen116
\scratchbox=\box29
\nofMPsegments=\count102
\nofMParguments=\count103
\everyMPshowfont=\toks26
\MPscratchCnt=\count104
\MPscratchDim=\dimen117
\MPnumerator=\count105
\makeMPintoPDFobject=\count106
\everyMPtoPDFconversion=\toks27
) (/usr/local/texlive/2014/texmf-dist/tex/generic/oberdiek/pdftexcmds.sty
Package: pdftexcmds 2011/11/29 v0.20 Utility functions of pdfTeX for LuaTeX (HO
)

(/usr/local/texlive/2014/texmf-dist/tex/generic/oberdiek/ifluatex.sty
Package: ifluatex 2010/03/01 v1.3 Provides the ifluatex switch (HO)
Package ifluatex Info: LuaTeX not detected.
)
(/usr/local/texlive/2014/texmf-dist/tex/generic/oberdiek/ifpdf.sty
Package: ifpdf 2011/01/30 v2.3 Provides the ifpdf switch (HO)
Package ifpdf Info: pdfTeX in PDF mode is detected.
)
Package pdftexcmds Info: LuaTeX not detected.
Package pdftexcmds Info: \pdf@primitive is available.
Package pdftexcmds Info: \pdf@ifprimitive is available.
Package pdftexcmds Info: \pdfdraftmode found.
)
(/usr/local/texlive/2014/texmf-dist/tex/latex/oberdiek/epstopdf-base.sty
Package: epstopdf-base 2010/02/09 v2.5 Base part for package epstopdf

(/usr/local/texlive/2014/texmf-dist/tex/latex/oberdiek/grfext.sty
Package: grfext 2010/08/19 v1.1 Manage graphics extensions (HO)

(/usr/local/texlive/2014/texmf-dist/tex/generic/oberdiek/kvdefinekeys.sty
Package: kvdefinekeys 2011/04/07 v1.3 Define keys (HO)
))
(/usr/local/texlive/2014/texmf-dist/tex/latex/oberdiek/kvoptions.sty
Package: kvoptions 2011/06/30 v3.11 Key value format for package options (HO)

(/usr/local/texlive/2014/texmf-dist/tex/generic/oberdiek/kvsetkeys.sty
Package: kvsetkeys 2012/04/25 v1.16 Key value parser (HO)

(/usr/local/texlive/2014/texmf-dist/tex/generic/oberdiek/etexcmds.sty
Package: etexcmds 2011/02/16 v1.5 Avoid name clashes with e-TeX commands (HO)
Package etexcmds Info: Could not find \expanded.
(etexcmds)             That can mean that you are not using pdfTeX 1.50 or
(etexcmds)             that some package has redefined \expanded.
(etexcmds)             In the latter case, load this package earlier.
)))
Package grfext Info: Graphics extension search list:
(grfext)             [.png,.pdf,.jpg,.mps,.jpeg,.jbig2,.jb2,.PNG,.PDF,.JPG,.JPE
G,.JBIG2,.JB2,.eps]
(grfext)             \AppendGraphicsExtensions on input line 452.

(/usr/local/texlive/2014/texmf-dist/tex/latex/latexconfig/epstopdf-sys.cfg
File: epstopdf-sys.cfg 2010/07/13 v1.3 Configuration of (r)epstopdf for TeX Liv
e
))
[1{/usr/local/texlive/2014/texmf-var/fonts/map/pdftex/updmap/pdftex.map}]
Overfull \hbox (8.90054pt too wide) in paragraph at lines 106--108
\OT1/cmr/m/n/10 Assuming preda-tor $\OML/cmm/m/it/10 i$ \OT1/cmr/m/n/10 has a l
in-ear func-tional re-sponse with at-tack rate $\OML/cmm/m/it/10 a[] \OT1/cmr/m
/n/10 = \OML/cmm/m/it/10 a[]\OT1/cmr/m/n/10 (\OML/cmm/m/it/10 m[]; n[]\OT1/cmr/
m/n/10 )$
 []

[2] [3] [4]
<figures/1x1/constant_growth/densities_exclusion.png, id=28, 578.16pt x 433.62p
t>
File: figures/1x1/constant_growth/densities_exclusion.png Graphic file (type pn
g)
 <use figures/1x1/constant_growth/densities_exclusion.png>
Package pdftex.def Info: figures/1x1/constant_growth/densities_exclusion.png us
ed on input line 254.
(pdftex.def)             Requested size: 170.71451pt x 113.81041pt.

<figures/1x1/constant_growth/traits_exclusion.png, id=30, 578.16pt x 433.62pt>
File: figures/1x1/constant_growth/traits_exclusion.png Graphic file (type png)

<use figures/1x1/constant_growth/traits_exclusion.png>
Package pdftex.def Info: figures/1x1/constant_growth/traits_exclusion.png used 
on input line 255.
(pdftex.def)             Requested size: 170.71451pt x 113.81041pt.

<figures/1x1/constant_growth/densities_stable_coexistence.png, id=31, 578.16pt 
x 433.62pt>
File: figures/1x1/constant_growth/densities_stable_coexistence.png Graphic file
 (type png)
 <use figures/1x1/constant_growth/densities_stable_coexistence.png>
Package pdftex.def Info: figures/1x1/constant_growth/densities_stable_coexisten
ce.png used on input line 260.
(pdftex.def)             Requested size: 170.71451pt x 113.81041pt.

<figures/1x1/constant_growth/traits_stable_coexistence.png, id=32, 578.16pt x 4
33.62pt>
File: figures/1x1/constant_growth/traits_stable_coexistence.png Graphic file (t
ype png)
 <use figures/1x1/constant_growth/traits_stable_coexistence.png>
Package pdftex.def Info: figures/1x1/constant_growth/traits_stable_coexistence.
png used on input line 261.
(pdftex.def)             Requested size: 170.71451pt x 113.81041pt.

<figures/1x1/constant_growth/densities_unstable_coexistence.png, id=33, 578.16p
t x 433.62pt>
File: figures/1x1/constant_growth/densities_unstable_coexistence.png Graphic fi
le (type png)

<use figures/1x1/constant_growth/densities_unstable_coexistence.png>
Package pdftex.def Info: figures/1x1/constant_growth/densities_unstable_coexist
ence.png used on input line 266.
(pdftex.def)             Requested size: 170.71451pt x 113.81041pt.

<figures/1x1/constant_growth/traits_unstable_coexistence.png, id=34, 578.16pt x
 433.62pt>
File: figures/1x1/constant_growth/traits_unstable_coexistence.png Graphic file 
(type png)
 <use figures/1x1/constant_growth/traits_unstable_coexistence.png>
Package pdftex.def Info: figures/1x1/constant_growth/traits_unstable_coexistenc
e.png used on input line 267.
(pdftex.def)             Requested size: 170.71451pt x 113.81041pt.

[5 <./figures/1x1/constant_growth/densities_exclusion.png> <./figures/1x1/const
ant_growth/traits_exclusion.png>] [6 <./figures/1x1/constant_growth/densities_s
table_coexistence.png> <./figures/1x1/constant_growth/traits_stable_coexistence
.png> <./figures/1x1/constant_growth/densities_unstable_coexistence.png> <./fig
ures/1x1/constant_growth/traits_unstable_coexistence.png>]
<figures/1x1/variable_growth/stable_exclusion/densities.png, id=48, 578.16pt x 
433.62pt>
File: figures/1x1/variable_growth/stable_exclusion/densities.png Graphic file (
type png)
 <use figures/1x1/variable_growth/stable_exclusion/densities.png>
Package pdftex.def Info: figures/1x1/variable_growth/stable_exclusion/densities
.png used on input line 337.
(pdftex.def)             Requested size: 170.71451pt x 113.81041pt.

<figures/1x1/variable_growth/stable_exclusion/traits.png, id=49, 578.16pt x 433
.62pt>
File: figures/1x1/variable_growth/stable_exclusion/traits.png Graphic file (typ
e png)
 <use figures/1x1/variable_growth/stable_exclusion/traits.png>
Package pdftex.def Info: figures/1x1/variable_growth/stable_exclusion/traits.pn
g used on input line 338.
(pdftex.def)             Requested size: 170.71451pt x 113.81041pt.

<figures/1x1/variable_growth/stable_coexistence/densities.png, id=50, 578.16pt 
x 433.62pt>
File: figures/1x1/variable_growth/stable_coexistence/densities.png Graphic file
 (type png)
 <use figures/1x1/variable_growth/stable_coexistence/densities.png>
Package pdftex.def Info: figures/1x1/variable_growth/stable_coexistence/densiti
es.png used on input line 343.
(pdftex.def)             Requested size: 170.71451pt x 113.81041pt.

<figures/1x1/variable_growth/stable_coexistence/traits.png, id=51, 578.16pt x 4
33.62pt>
File: figures/1x1/variable_growth/stable_coexistence/traits.png Graphic file (t
ype png)
 <use figures/1x1/variable_growth/stable_coexistence/traits.png>
Package pdftex.def Info: figures/1x1/variable_growth/stable_coexistence/traits.
png used on input line 344.
(pdftex.def)             Requested size: 170.71451pt x 113.81041pt.

<figures/1x1/variable_growth/stable_cycles/densities.png, id=52, 578.16pt x 433
.62pt>
File: figures/1x1/variable_growth/stable_cycles/densities.png Graphic file (typ
e png)
 <use figures/1x1/variable_growth/stable_cycles/densities.png>
Package pdftex.def Info: figures/1x1/variable_growth/stable_cycles/densities.pn
g used on input line 349.
(pdftex.def)             Requested size: 170.71451pt x 113.81041pt.

<figures/1x1/variable_growth/stable_cycles/traits.png, id=53, 578.16pt x 433.62
pt>
File: figures/1x1/variable_growth/stable_cycles/traits.png Graphic file (type p
ng)
 <use figures/1x1/variable_growth/stable_cycles/traits.png>
Package pdftex.def Info: figures/1x1/variable_growth/stable_cycles/traits.png u
sed on input line 350.
(pdftex.def)             Requested size: 170.71451pt x 113.81041pt.
 [7 <./figures/1x1/variable_growth/stable_exclusion/densities.png> <./figures/1
x1/variable_growth/stable_exclusion/traits.png>] [8 <./figures/1x1/variable_gro
wth/stable_coexistence/densities.png> <./figures/1x1/variable_growth/stable_coe
xistence/traits.png> <./figures/1x1/variable_growth/stable_cycles/densities.png
> <./figures/1x1/variable_growth/stable_cycles/traits.png>]
Underfull \vbox (badness 10000) has occurred while \output is active []

 [9]
Overfull \hbox (74.69685pt too wide) in paragraph at lines 394--396
\OT1/cmr/m/n/10 where $\OML/cmm/m/it/10 a \OT1/cmr/m/n/10 = []$, $\OML/cmm/m/it
/10 b \OT1/cmr/m/n/10 = \OMS/cmsy/m/n/10 ^^@[]$\OT1/cmr/m/n/10 , and $\OML/cmm/
m/it/10 c \OT1/cmr/m/n/10 = []$ 
 []


Overfull \hbox (13.92749pt too wide) in paragraph at lines 402--402
[] 
 []

[10]
Overfull \hbox (1.49571pt too wide) in paragraph at lines 409--411
\OT1/cmr/m/n/10 and $\OML/cmm/m/it/10 a[]\OT1/cmr/m/n/10 (\OML/cmm/m/it/10 m[];
 n[]\OT1/cmr/m/n/10 )$ and $\OML/cmm/m/it/10 p\OT1/cmr/m/n/10 (\OML/cmm/m/it/10
 n[]; []\OT1/cmr/m/n/10 )$ are in-de-pen-dent of $\OML/cmm/m/it/10 n[]$ \OT1/cm
r/m/n/10 for $\OML/cmm/m/it/10 k \OT1/cmr/m/n/10 = 1\OML/cmm/m/it/10 ; [] ; n[]
; n[]; [] ; n[]$\OT1/cmr/m/n/10 ,
 []


Overfull \hbox (36.43591pt too wide) in paragraph at lines 423--423
[] 
 []


Overfull \hbox (47.71098pt too wide) in paragraph at lines 438--438
[] 
 []

[11]
Overfull \hbox (65.7047pt too wide) in paragraph at lines 468--468
[] 
 []

[12]

LaTeX Warning: Command \j invalid in math mode on input line 469.


LaTeX Warning: Command \j invalid in math mode on input line 469.


Overfull \hbox (11.11293pt too wide) in paragraph at lines 475--475
[] 
 []


Underfull \vbox (badness 10000) has occurred while \output is active []

 [13]
[14] [15]
Overfull \hbox (1.26561pt too wide) in paragraph at lines 588--588
[] 
 []


Underfull \hbox (badness 10000) in paragraph at lines 592--594

 []

[16]
Underfull \vbox (badness 10000) has occurred while \output is active []

 [17]
Overfull \hbox (8.0318pt too wide) in paragraph at lines 620--620
[] 
 []

[18]
Overfull \hbox (19.39189pt too wide) in paragraph at lines 668--668
[] 
 []

[19]
Overfull \hbox (57.12843pt too wide) in paragraph at lines 708--708
[] 
 []

[20]
Underfull \hbox (badness 10000) in paragraph at lines 712--714

 []


Overfull \hbox (21.12682pt too wide) in paragraph at lines 723--725
\OT1/cmr/m/n/10 Again, $\OML/cmm/m/it/10 N[] < K  \OT1/cmr/m/n/10 =[]\OMS/cmsy/
m/n/10 )  \OML/cmm/m/it/10 D > \OT1/cmr/m/n/10 0  =[]\OMS/cmsy/m/n/10 )  [] \OM
L/cmm/m/it/10 < []$\OT1/cmr/m/n/10 ,
 []


Underfull \vbox (badness 10000) has occurred while \output is active []

 [21]
[22] (./final_report.aux) ) 
Here is how much of TeX's memory you used:
 2774 strings out of 493117
 38795 string characters out of 6135433
 119150 words of memory out of 5000000
 6042 multiletter control sequences out of 15000+600000
 10215 words of font info for 40 fonts, out of 8000000 for 9000
 1302 hyphenation exceptions out of 8191
 37i,18n,32p,1309b,214s stack positions out of 5000i,500n,10000p,200000b,80000s
</usr/local/texlive/2014/texmf-dist/fonts/type1/publ
ic/amsfonts/cm/cmbx10.pfb></usr/local/texlive/2014/texmf-dist/fonts/type1/publi
c/amsfonts/cm/cmcsc10.pfb></usr/local/texlive/2014/texmf-dist/fonts/type1/publi
c/amsfonts/cm/cmex10.pfb></usr/local/texlive/2014/texmf-dist/fonts/type1/public
/amsfonts/cm/cmmi10.pfb></usr/local/texlive/2014/texmf-dist/fonts/type1/public/
amsfonts/cm/cmmi5.pfb></usr/local/texlive/2014/texmf-dist/fonts/type1/public/am
sfonts/cm/cmmi7.pfb></usr/local/texlive/2014/texmf-dist/fonts/type1/public/amsf
onts/cm/cmr10.pfb></usr/local/texlive/2014/texmf-dist/fonts/type1/public/amsfon
ts/cm/cmr5.pfb></usr/local/texlive/2014/texmf-dist/fonts/type1/public/amsfonts/
cm/cmr7.pfb></usr/local/texlive/2014/texmf-dist/fonts/type1/public/amsfonts/cm/
cmr8.pfb></usr/local/texlive/2014/texmf-dist/fonts/type1/public/amsfonts/cm/cms
y10.pfb></usr/local/texlive/2014/texmf-dist/fonts/type1/public/amsfonts/cm/cmsy
5.pfb></usr/local/texlive/2014/texmf-dist/fonts/type1/public/amsfonts/cm/cmsy7.
pfb></usr/local/texlive/2014/texmf-dist/fonts/type1/public/amsfonts/cm/cmti10.p
fb></usr/local/texlive/2014/texmf-dist/fonts/type1/public/amsfonts/cm/cmti8.pfb
></usr/local/texlive/2014/texmf-dist/fonts/type1/public/amsfonts/cm/cmtt8.pfb><
/usr/local/texlive/2014/texmf-dist/fonts/type1/public/amsfonts/symbols/msbm7.pf
b>
Output written on final_report.pdf (22 pages, 669817 bytes).
PDF statistics:
 169 PDF objects out of 1000 (max. 8388607)
 102 compressed objects within 2 object streams
 0 named destinations out of 1000 (max. 500000)
 61 words of extra memory for PDF output out of 10000 (max. 10000000)

